# JRE version: Java(TM) SE Runtime Environment (8.0_191-b12) (build 1.8.0_191-b12)
# Java VM: Java HotSpot(TM) 64-Bit Server VM (25.191-b12 mixed mode windows-amd64 compressed oops)
Heap:
 PSYoungGen      total 293888K, used 40849K [0x00000000eb200000, 0x00000000ffc00000, 0x0000000100000000)
  eden space 249856K, 6% used [0x00000000eb200000,0x00000000ec0b4940,0x00000000fa600000)
  from space 44032K, 58% used [0x00000000fa600000,0x00000000fbf2fc78,0x00000000fd100000)
  to   space 43520K, 0% used [0x00000000fd180000,0x00000000fd180000,0x00000000ffc00000)
 ParOldGen       total 356352K, used 272300K [0x00000000c1600000, 0x00000000d7200000, 0x00000000eb200000)
  object space 356352K, 76% used [0x00000000c1600000,0x00000000d1feb0e0,0x00000000d7200000)
 Metaspace       used 54386K, capacity 57916K, committed 58240K, reserved 1099776K
  class space    used 7376K, capacity 8242K, committed 8320K, reserved 1048576K
GC Heap History (10 events):
Event: 1076.469 GC heap before
{Heap before GC invocations=347 (full 6):
 PSYoungGen      total 293376K, used 269407K [0x00000000eb200000, 0x00000000ffc00000, 0x0000000100000000)
  eden space 249856K, 100% used [0x00000000eb200000,0x00000000fa600000,0x00000000fa600000)
  from space 43520K, 44% used [0x00000000fd180000,0x00000000fe497c78,0x00000000ffc00000)
  to   space 44032K, 0% used [0x00000000fa600000,0x00000000fa600000,0x00000000fd100000)
 ParOldGen       total 356352K, used 259847K [0x00000000c1600000, 0x00000000d7200000, 0x00000000eb200000)
  object space 356352K, 72% used [0x00000000c1600000,0x00000000d13c1ef8,0x00000000d7200000)
 Metaspace       used 54377K, capacity 57916K, committed 58240K, reserved 1099776K
  class space    used 7376K, capacity 8242K, committed 8320K, reserved 1048576K
Event: 1076.494 GC heap after
Heap after GC invocations=347 (full 6):
 PSYoungGen      total 293888K, used 39263K [0x00000000eb200000, 0x00000000ffc00000, 0x0000000100000000)
  eden space 249856K, 0% used [0x00000000eb200000,0x00000000eb200000,0x00000000fa600000)
  from space 44032K, 89% used [0x00000000fa600000,0x00000000fcc57c78,0x00000000fd100000)
  to   space 43520K, 0% used [0x00000000fd180000,0x00000000fd180000,0x00000000ffc00000)
 ParOldGen       total 356352K, used 260975K [0x00000000c1600000, 0x00000000d7200000, 0x00000000eb200000)
  object space 356352K, 73% used [0x00000000c1600000,0x00000000d14dbf18,0x00000000d7200000)
 Metaspace       used 54377K, capacity 57916K, committed 58240K, reserved 1099776K
  class space    used 7376K, capacity 8242K, committed 8320K, reserved 1048576K
}
Event: 1079.986 GC heap before
{Heap before GC invocations=348 (full 6):
 PSYoungGen      total 293888K, used 289119K [0x00000000eb200000, 0x00000000ffc00000, 0x0000000100000000)
  eden space 249856K, 100% used [0x00000000eb200000,0x00000000fa600000,0x00000000fa600000)
  from space 44032K, 89% used [0x00000000fa600000,0x00000000fcc57c78,0x00000000fd100000)
  to   space 43520K, 0% used [0x00000000fd180000,0x00000000fd180000,0x00000000ffc00000)
 ParOldGen       total 356352K, used 260975K [0x00000000c1600000, 0x00000000d7200000, 0x00000000eb200000)
  object space 356352K, 73% used [0x00000000c1600000,0x00000000d14dbf18,0x00000000d7200000)
 Metaspace       used 54377K, capacity 57916K, committed 58240K, reserved 1099776K
  class space    used 7376K, capacity 8242K, committed 8320K, reserved 1048576K
Event: 1080.000 GC heap after
Heap after GC invocations=348 (full 6):
 PSYoungGen      total 293376K, used 24991K [0x00000000eb200000, 0x00000000ffc00000, 0x0000000100000000)
  eden space 249856K, 0% used [0x00000000eb200000,0x00000000eb200000,0x00000000fa600000)
  from space 43520K, 57% used [0x00000000fd180000,0x00000000fe9e7c78,0x00000000ffc00000)
  to   space 44032K, 0% used [0x00000000fa600000,0x00000000fa600000,0x00000000fd100000)
 ParOldGen       total 356352K, used 261047K [0x00000000c1600000, 0x00000000d7200000, 0x00000000eb200000)
  object space 356352K, 73% used [0x00000000c1600000,0x00000000d14edf18,0x00000000d7200000)
 Metaspace       used 54377K, capacity 57916K, committed 58240K, reserved 1099776K
  class space    used 7376K, capacity 8242K, committed 8320K, reserved 1048576K
}
Event: 1083.518 GC heap before
{Heap before GC invocations=349 (full 6):
 PSYoungGen      total 293376K, used 274847K [0x00000000eb200000, 0x00000000ffc00000, 0x0000000100000000)
  eden space 249856K, 100% used [0x00000000eb200000,0x00000000fa600000,0x00000000fa600000)
  from space 43520K, 57% used [0x00000000fd180000,0x00000000fe9e7c78,0x00000000ffc00000)
  to   space 44032K, 0% used [0x00000000fa600000,0x00000000fa600000,0x00000000fd100000)
 ParOldGen       total 356352K, used 261047K [0x00000000c1600000, 0x00000000d7200000, 0x00000000eb200000)
  object space 356352K, 73% used [0x00000000c1600000,0x00000000d14edf18,0x00000000d7200000)
 Metaspace       used 54377K, capacity 57916K, committed 58240K, reserved 1099776K
  class space    used 7376K, capacity 8242K, committed 8320K, reserved 1048576K
Event: 1083.527 GC heap after
Heap after GC invocations=349 (full 6):
 PSYoungGen      total 293888K, used 17343K [0x00000000eb200000, 0x00000000ffc00000, 0x0000000100000000)
  eden space 249856K, 0% used [0x00000000eb200000,0x00000000eb200000,0x00000000fa600000)
  from space 44032K, 39% used [0x00000000fa600000,0x00000000fb6efc78,0x00000000fd100000)
  to   space 43520K, 0% used [0x00000000fd180000,0x00000000fd180000,0x00000000ffc00000)
 ParOldGen       total 356352K, used 261095K [0x00000000c1600000, 0x00000000d7200000, 0x00000000eb200000)
  object space 356352K, 73% used [0x00000000c1600000,0x00000000d14f9f18,0x00000000d7200000)
 Metaspace       used 54377K, capacity 57916K, committed 58240K, reserved 1099776K
  class space    used 7376K, capacity 8242K, committed 8320K, reserved 1048576K
}
Event: 1087.118 GC heap before
{Heap before GC invocations=350 (full 6):
 PSYoungGen      total 293888K, used 267199K [0x00000000eb200000, 0x00000000ffc00000, 0x0000000100000000)
  eden space 249856K, 100% used [0x00000000eb200000,0x00000000fa600000,0x00000000fa600000)
  from space 44032K, 39% used [0x00000000fa600000,0x00000000fb6efc78,0x00000000fd100000)
  to   space 43520K, 0% used [0x00000000fd180000,0x00000000fd180000,0x00000000ffc00000)
 ParOldGen       total 356352K, used 261095K [0x00000000c1600000, 0x00000000d7200000, 0x00000000eb200000)
  object space 356352K, 73% used [0x00000000c1600000,0x00000000d14f9f18,0x00000000d7200000)
 Metaspace       used 54377K, capacity 57916K, committed 58240K, reserved 1099776K
  class space    used 7376K, capacity 8242K, committed 8320K, reserved 1048576K
Event: 1087.127 GC heap after
Heap after GC invocations=350 (full 6):
 PSYoungGen      total 293376K, used 13599K [0x00000000eb200000, 0x00000000ffc00000, 0x0000000100000000)
  eden space 249856K, 0% used [0x00000000eb200000,0x00000000eb200000,0x00000000fa600000)
  from space 43520K, 31% used [0x00000000fd180000,0x00000000fdec7c78,0x00000000ffc00000)
  to   space 44032K, 0% used [0x00000000fa600000,0x00000000fa600000,0x00000000fd100000)
 ParOldGen       total 356352K, used 265335K [0x00000000c1600000, 0x00000000d7200000, 0x00000000eb200000)
  object space 356352K, 74% used [0x00000000c1600000,0x00000000d191df88,0x00000000d7200000)
 Metaspace       used 54377K, capacity 57916K, committed 58240K, reserved 1099776K
  class space    used 7376K, capacity 8242K, committed 8320K, reserved 1048576K
}
Event: 1090.281 GC heap before
{Heap before GC invocations=351 (full 6):
 PSYoungGen      total 293376K, used 263455K [0x00000000eb200000, 0x00000000ffc00000, 0x0000000100000000)
  eden space 249856K, 100% used [0x00000000eb200000,0x00000000fa600000,0x00000000fa600000)
  from space 43520K, 31% used [0x00000000fd180000,0x00000000fdec7c78,0x00000000ffc00000)
  to   space 44032K, 0% used [0x00000000fa600000,0x00000000fa600000,0x00000000fd100000)
 ParOldGen       total 356352K, used 265335K [0x00000000c1600000, 0x00000000d7200000, 0x00000000eb200000)
  object space 356352K, 74% used [0x00000000c1600000,0x00000000d191df88,0x00000000d7200000)
 Metaspace       used 54386K, capacity 57916K, committed 58240K, reserved 1099776K
  class space    used 7376K, capacity 8242K, committed 8320K, reserved 1048576K
Event: 1090.306 GC heap after
Heap after GC invocations=351 (full 6):
 PSYoungGen      total 293888K, used 25791K [0x00000000eb200000, 0x00000000ffc00000, 0x0000000100000000)
  eden space 249856K, 0% used [0x00000000eb200000,0x00000000eb200000,0x00000000fa600000)
  from space 44032K, 58% used [0x00000000fa600000,0x00000000fbf2fc78,0x00000000fd100000)
  to   space 43520K, 0% used [0x00000000fd180000,0x00000000fd180000,0x00000000ffc00000)
 ParOldGen       total 356352K, used 272300K [0x00000000c1600000, 0x00000000d7200000, 0x00000000eb200000)
  object space 356352K, 76% used [0x00000000c1600000,0x00000000d1feb0e0,0x00000000d7200000)
 Metaspace       used 54386K, capacity 57916K, committed 58240K, reserved 1099776K
  class space    used 7376K, capacity 8242K, committed 8320K, reserved 1048576K
}

