# JRE version: Java(TM) SE Runtime Environment (8.0_191-b12) (build 1.8.0_191-b12)
# Java VM: Java HotSpot(TM) 64-Bit Server VM (25.191-b12 mixed mode windows-amd64 compressed oops)
Heap:
 PSYoungGen      total 321536K, used 251911K [0x00000000eb200000, 0x0000000100000000, 0x0000000100000000)
  eden space 305152K, 79% used [0x00000000eb200000,0x00000000fa052928,0x00000000fdc00000)
  from space 16384K, 84% used [0x00000000ff000000,0x00000000ffd72ae8,0x0000000100000000)
  to   space 18432K, 0% used [0x00000000fdc00000,0x00000000fdc00000,0x00000000fee00000)
 ParOldGen       total 290304K, used 227225K [0x00000000c1600000, 0x00000000d3180000, 0x00000000eb200000)
  object space 290304K, 78% used [0x00000000c1600000,0x00000000cf3e66d0,0x00000000d3180000)
 Metaspace       used 54235K, capacity 57768K, committed 57984K, reserved 1099776K
  class space    used 7382K, capacity 8258K, committed 8320K, reserved 1048576K
GC Heap History (10 events):
Event: 491.174 GC heap before
{Heap before GC invocations=215 (full 5):
 PSYoungGen      total 326144K, used 318192K [0x00000000eb200000, 0x00000000fff80000, 0x0000000100000000)
  eden space 312320K, 100% used [0x00000000eb200000,0x00000000fe300000,0x00000000fe300000)
  from space 13824K, 42% used [0x00000000fe300000,0x00000000fe8bc010,0x00000000ff080000)
  to   space 13312K, 0% used [0x00000000ff280000,0x00000000ff280000,0x00000000fff80000)
 ParOldGen       total 290304K, used 226521K [0x00000000c1600000, 0x00000000d3180000, 0x00000000eb200000)
  object space 290304K, 78% used [0x00000000c1600000,0x00000000cf3366d0,0x00000000d3180000)
 Metaspace       used 54052K, capacity 57596K, committed 57728K, reserved 1099776K
  class space    used 7361K, capacity 8226K, committed 8320K, reserved 1048576K
Event: 491.191 GC heap after
Heap after GC invocations=215 (full 5):
 PSYoungGen      total 324608K, used 13232K [0x00000000eb200000, 0x0000000100000000, 0x0000000100000000)
  eden space 311296K, 0% used [0x00000000eb200000,0x00000000eb200000,0x00000000fe200000)
  from space 13312K, 99% used [0x00000000ff280000,0x00000000fff6c010,0x00000000fff80000)
  to   space 15360K, 0% used [0x00000000fe200000,0x00000000fe200000,0x00000000ff100000)
 ParOldGen       total 290304K, used 226625K [0x00000000c1600000, 0x00000000d3180000, 0x00000000eb200000)
  object space 290304K, 78% used [0x00000000c1600000,0x00000000cf3506d0,0x00000000d3180000)
 Metaspace       used 54052K, capacity 57596K, committed 57728K, reserved 1099776K
  class space    used 7361K, capacity 8226K, committed 8320K, reserved 1048576K
}
Event: 498.071 GC heap before
{Heap before GC invocations=216 (full 5):
 PSYoungGen      total 324608K, used 324528K [0x00000000eb200000, 0x0000000100000000, 0x0000000100000000)
  eden space 311296K, 100% used [0x00000000eb200000,0x00000000fe200000,0x00000000fe200000)
  from space 13312K, 99% used [0x00000000ff280000,0x00000000fff6c010,0x00000000fff80000)
  to   space 15360K, 0% used [0x00000000fe200000,0x00000000fe200000,0x00000000ff100000)
 ParOldGen       total 290304K, used 226625K [0x00000000c1600000, 0x00000000d3180000, 0x00000000eb200000)
  object space 290304K, 78% used [0x00000000c1600000,0x00000000cf3506d0,0x00000000d3180000)
 Metaspace       used 54052K, capacity 57596K, committed 57728K, reserved 1099776K
  class space    used 7361K, capacity 8226K, committed 8320K, reserved 1048576K
Event: 498.076 GC heap after
Heap after GC invocations=216 (full 5):
 PSYoungGen      total 326656K, used 2128K [0x00000000eb200000, 0x0000000100000000, 0x0000000100000000)
  eden space 311296K, 0% used [0x00000000eb200000,0x00000000eb200000,0x00000000fe200000)
  from space 15360K, 13% used [0x00000000fe200000,0x00000000fe414010,0x00000000ff100000)
  to   space 15360K, 0% used [0x00000000ff100000,0x00000000ff100000,0x0000000100000000)
 ParOldGen       total 290304K, used 226721K [0x00000000c1600000, 0x00000000d3180000, 0x00000000eb200000)
  object space 290304K, 78% used [0x00000000c1600000,0x00000000cf3686d0,0x00000000d3180000)
 Metaspace       used 54052K, capacity 57596K, committed 57728K, reserved 1099776K
  class space    used 7361K, capacity 8226K, committed 8320K, reserved 1048576K
}
Event: 504.840 GC heap before
{Heap before GC invocations=217 (full 5):
 PSYoungGen      total 326656K, used 313424K [0x00000000eb200000, 0x0000000100000000, 0x0000000100000000)
  eden space 311296K, 100% used [0x00000000eb200000,0x00000000fe200000,0x00000000fe200000)
  from space 15360K, 13% used [0x00000000fe200000,0x00000000fe414010,0x00000000ff100000)
  to   space 15360K, 0% used [0x00000000ff100000,0x00000000ff100000,0x0000000100000000)
 ParOldGen       total 290304K, used 226721K [0x00000000c1600000, 0x00000000d3180000, 0x00000000eb200000)
  object space 290304K, 78% used [0x00000000c1600000,0x00000000cf3686d0,0x00000000d3180000)
 Metaspace       used 54055K, capacity 57596K, committed 57728K, reserved 1099776K
  class space    used 7361K, capacity 8226K, committed 8320K, reserved 1048576K
Event: 504.849 GC heap after
Heap after GC invocations=217 (full 5):
 PSYoungGen      total 326656K, used 2608K [0x00000000eb200000, 0x0000000100000000, 0x0000000100000000)
  eden space 311296K, 0% used [0x00000000eb200000,0x00000000eb200000,0x00000000fe200000)
  from space 15360K, 16% used [0x00000000ff100000,0x00000000ff38c010,0x0000000100000000)
  to   space 15360K, 0% used [0x00000000fe200000,0x00000000fe200000,0x00000000ff100000)
 ParOldGen       total 290304K, used 226833K [0x00000000c1600000, 0x00000000d3180000, 0x00000000eb200000)
  object space 290304K, 78% used [0x00000000c1600000,0x00000000cf3846d0,0x00000000d3180000)
 Metaspace       used 54055K, capacity 57596K, committed 57728K, reserved 1099776K
  class space    used 7361K, capacity 8226K, committed 8320K, reserved 1048576K
}
Event: 722.796 GC heap before
{Heap before GC invocations=218 (full 5):
 PSYoungGen      total 326656K, used 313904K [0x00000000eb200000, 0x0000000100000000, 0x0000000100000000)
  eden space 311296K, 100% used [0x00000000eb200000,0x00000000fe200000,0x00000000fe200000)
  from space 15360K, 16% used [0x00000000ff100000,0x00000000ff38c010,0x0000000100000000)
  to   space 15360K, 0% used [0x00000000fe200000,0x00000000fe200000,0x00000000ff100000)
 ParOldGen       total 290304K, used 226833K [0x00000000c1600000, 0x00000000d3180000, 0x00000000eb200000)
  object space 290304K, 78% used [0x00000000c1600000,0x00000000cf3846d0,0x00000000d3180000)
 Metaspace       used 54234K, capacity 57768K, committed 57984K, reserved 1099776K
  class space    used 7382K, capacity 8258K, committed 8320K, reserved 1048576K
Event: 722.833 GC heap after
Heap after GC invocations=218 (full 5):
 PSYoungGen      total 325632K, used 13962K [0x00000000eb200000, 0x0000000100000000, 0x0000000100000000)
  eden space 311296K, 0% used [0x00000000eb200000,0x00000000eb200000,0x00000000fe200000)
  from space 14336K, 97% used [0x00000000fe200000,0x00000000fefa2ae8,0x00000000ff000000)
  to   space 16384K, 0% used [0x00000000ff000000,0x00000000ff000000,0x0000000100000000)
 ParOldGen       total 290304K, used 227073K [0x00000000c1600000, 0x00000000d3180000, 0x00000000eb200000)
  object space 290304K, 78% used [0x00000000c1600000,0x00000000cf3c06d0,0x00000000d3180000)
 Metaspace       used 54234K, capacity 57768K, committed 57984K, reserved 1099776K
  class space    used 7382K, capacity 8258K, committed 8320K, reserved 1048576K
}
Event: 727.473 GC heap before
{Heap before GC invocations=219 (full 5):
 PSYoungGen      total 325632K, used 325258K [0x00000000eb200000, 0x0000000100000000, 0x0000000100000000)
  eden space 311296K, 100% used [0x00000000eb200000,0x00000000fe200000,0x00000000fe200000)
  from space 14336K, 97% used [0x00000000fe200000,0x00000000fefa2ae8,0x00000000ff000000)
  to   space 16384K, 0% used [0x00000000ff000000,0x00000000ff000000,0x0000000100000000)
 ParOldGen       total 290304K, used 227073K [0x00000000c1600000, 0x00000000d3180000, 0x00000000eb200000)
  object space 290304K, 78% used [0x00000000c1600000,0x00000000cf3c06d0,0x00000000d3180000)
 Metaspace       used 54235K, capacity 57768K, committed 57984K, reserved 1099776K
  class space    used 7382K, capacity 8258K, committed 8320K, reserved 1048576K
Event: 727.486 GC heap after
Heap after GC invocations=219 (full 5):
 PSYoungGen      total 321536K, used 13770K [0x00000000eb200000, 0x0000000100000000, 0x0000000100000000)
  eden space 305152K, 0% used [0x00000000eb200000,0x00000000eb200000,0x00000000fdc00000)
  from space 16384K, 84% used [0x00000000ff000000,0x00000000ffd72ae8,0x0000000100000000)
  to   space 18432K, 0% used [0x00000000fdc00000,0x00000000fdc00000,0x00000000fee00000)
 ParOldGen       total 290304K, used 227225K [0x00000000c1600000, 0x00000000d3180000, 0x00000000eb200000)
  object space 290304K, 78% used [0x00000000c1600000,0x00000000cf3e66d0,0x00000000d3180000)
 Metaspace       used 54235K, capacity 57768K, committed 57984K, reserved 1099776K
  class space    used 7382K, capacity 8258K, committed 8320K, reserved 1048576K
}

