# JRE version: Java(TM) SE Runtime Environment (8.0_191-b12) (build 1.8.0_191-b12)
# Java VM: Java HotSpot(TM) 64-Bit Server VM (25.191-b12 mixed mode windows-amd64 compressed oops)
Heap:
 PSYoungGen      total 317440K, used 17974K [0x00000000eb200000, 0x0000000100000000, 0x0000000100000000)
  eden space 292864K, 5% used [0x00000000eb200000,0x00000000ec24ebd8,0x00000000fd000000)
  from space 24576K, 5% used [0x00000000fd000000,0x00000000fd13ee90,0x00000000fe800000)
  to   space 24576K, 0% used [0x00000000fe800000,0x00000000fe800000,0x0000000100000000)
 ParOldGen       total 212992K, used 127097K [0x00000000c1600000, 0x00000000ce600000, 0x00000000eb200000)
  object space 212992K, 59% used [0x00000000c1600000,0x00000000c921e680,0x00000000ce600000)
 Metaspace       used 49714K, capacity 52900K, committed 52992K, reserved 1093632K
  class space    used 7076K, capacity 7886K, committed 7936K, reserved 1048576K
GC Heap History (10 events):
Event: 37.802 GC heap before
{Heap before GC invocations=54 (full 3):
 PSYoungGen      total 317952K, used 311125K [0x00000000eb200000, 0x0000000100000000, 0x0000000100000000)
  eden space 294912K, 100% used [0x00000000eb200000,0x00000000fd200000,0x00000000fd200000)
  from space 23040K, 70% used [0x00000000fe980000,0x00000000ff9555b0,0x0000000100000000)
  to   space 23552K, 99% used [0x00000000fd200000,0x00000000fe8fbe30,0x00000000fe900000)
 ParOldGen       total 124416K, used 124222K [0x00000000c1600000, 0x00000000c8f80000, 0x00000000eb200000)
  object space 124416K, 99% used [0x00000000c1600000,0x00000000c8f4faa8,0x00000000c8f80000)
 Metaspace       used 47188K, capacity 50104K, committed 50304K, reserved 1091584K
  class space    used 6730K, capacity 7528K, committed 7552K, reserved 1048576K
Event: 39.547 GC heap after
Heap after GC invocations=54 (full 3):
 PSYoungGen      total 317952K, used 0K [0x00000000eb200000, 0x0000000100000000, 0x0000000100000000)
  eden space 294912K, 0% used [0x00000000eb200000,0x00000000eb200000,0x00000000fd200000)
  from space 23040K, 0% used [0x00000000fe980000,0x00000000fe980000,0x0000000100000000)
  to   space 23552K, 17% used [0x00000000fd200000,0x00000000fd5f14a8,0x00000000fe900000)
 ParOldGen       total 185344K, used 124125K [0x00000000c1600000, 0x00000000ccb00000, 0x00000000eb200000)
  object space 185344K, 66% used [0x00000000c1600000,0x00000000c8f37738,0x00000000ccb00000)
 Metaspace       used 47188K, capacity 50104K, committed 50304K, reserved 1091584K
  class space    used 6730K, capacity 7528K, committed 7552K, reserved 1048576K
}
Event: 43.089 GC heap before
{Heap before GC invocations=55 (full 4):
 PSYoungGen      total 317952K, used 294912K [0x00000000eb200000, 0x0000000100000000, 0x0000000100000000)
  eden space 294912K, 100% used [0x00000000eb200000,0x00000000fd200000,0x00000000fd200000)
  from space 23040K, 0% used [0x00000000fe980000,0x00000000fe980000,0x0000000100000000)
  to   space 23552K, 17% used [0x00000000fd200000,0x00000000fd5f14a8,0x00000000fe900000)
 ParOldGen       total 185344K, used 124125K [0x00000000c1600000, 0x00000000ccb00000, 0x00000000eb200000)
  object space 185344K, 66% used [0x00000000c1600000,0x00000000c8f37738,0x00000000ccb00000)
 Metaspace       used 47514K, capacity 50434K, committed 50560K, reserved 1091584K
  class space    used 6739K, capacity 7531K, committed 7552K, reserved 1048576K
Event: 43.442 GC heap after
Heap after GC invocations=55 (full 4):
 PSYoungGen      total 317952K, used 0K [0x00000000eb200000, 0x0000000100000000, 0x0000000100000000)
  eden space 294912K, 0% used [0x00000000eb200000,0x00000000eb200000,0x00000000fd200000)
  from space 23040K, 0% used [0x00000000fe980000,0x00000000fe980000,0x0000000100000000)
  to   space 23552K, 0% used [0x00000000fd200000,0x00000000fd200000,0x00000000fe900000)
 ParOldGen       total 212992K, used 127097K [0x00000000c1600000, 0x00000000ce600000, 0x00000000eb200000)
  object space 212992K, 59% used [0x00000000c1600000,0x00000000c921e680,0x00000000ce600000)
 Metaspace       used 47514K, capacity 50434K, committed 50560K, reserved 1091584K
  class space    used 6739K, capacity 7531K, committed 7552K, reserved 1048576K
}
Event: 46.421 GC heap before
{Heap before GC invocations=56 (full 4):
 PSYoungGen      total 317952K, used 294912K [0x00000000eb200000, 0x0000000100000000, 0x0000000100000000)
  eden space 294912K, 100% used [0x00000000eb200000,0x00000000fd200000,0x00000000fd200000)
  from space 23040K, 0% used [0x00000000fe980000,0x00000000fe980000,0x0000000100000000)
  to   space 23552K, 0% used [0x00000000fd200000,0x00000000fd200000,0x00000000fe900000)
 ParOldGen       total 212992K, used 127097K [0x00000000c1600000, 0x00000000ce600000, 0x00000000eb200000)
  object space 212992K, 59% used [0x00000000c1600000,0x00000000c921e680,0x00000000ce600000)
 Metaspace       used 47546K, capacity 50434K, committed 50560K, reserved 1091584K
  class space    used 6740K, capacity 7531K, committed 7552K, reserved 1048576K
Event: 46.424 GC heap after
Heap after GC invocations=56 (full 4):
 PSYoungGen      total 295424K, used 416K [0x00000000eb200000, 0x0000000100000000, 0x0000000100000000)
  eden space 294912K, 0% used [0x00000000eb200000,0x00000000eb200000,0x00000000fd200000)
  from space 512K, 81% used [0x00000000fd200000,0x00000000fd268000,0x00000000fd280000)
  to   space 24064K, 0% used [0x00000000fe880000,0x00000000fe880000,0x0000000100000000)
 ParOldGen       total 212992K, used 127097K [0x00000000c1600000, 0x00000000ce600000, 0x00000000eb200000)
  object space 212992K, 59% used [0x00000000c1600000,0x00000000c921e680,0x00000000ce600000)
 Metaspace       used 47546K, capacity 50434K, committed 50560K, reserved 1091584K
  class space    used 6740K, capacity 7531K, committed 7552K, reserved 1048576K
}
Event: 48.930 GC heap before
{Heap before GC invocations=57 (full 4):
 PSYoungGen      total 295424K, used 295328K [0x00000000eb200000, 0x0000000100000000, 0x0000000100000000)
  eden space 294912K, 100% used [0x00000000eb200000,0x00000000fd200000,0x00000000fd200000)
  from space 512K, 81% used [0x00000000fd200000,0x00000000fd268000,0x00000000fd280000)
  to   space 24064K, 0% used [0x00000000fe880000,0x00000000fe880000,0x0000000100000000)
 ParOldGen       total 212992K, used 127097K [0x00000000c1600000, 0x00000000ce600000, 0x00000000eb200000)
  object space 212992K, 59% used [0x00000000c1600000,0x00000000c921e680,0x00000000ce600000)
 Metaspace       used 47606K, capacity 50498K, committed 50560K, reserved 1091584K
  class space    used 6740K, capacity 7531K, committed 7552K, reserved 1048576K
Event: 48.934 GC heap after
Heap after GC invocations=57 (full 4):
 PSYoungGen      total 316928K, used 416K [0x00000000eb200000, 0x0000000100000000, 0x0000000100000000)
  eden space 292864K, 0% used [0x00000000eb200000,0x00000000eb200000,0x00000000fd000000)
  from space 24064K, 1% used [0x00000000fe880000,0x00000000fe8e8000,0x0000000100000000)
  to   space 24576K, 0% used [0x00000000fd000000,0x00000000fd000000,0x00000000fe800000)
 ParOldGen       total 212992K, used 127097K [0x00000000c1600000, 0x00000000ce600000, 0x00000000eb200000)
  object space 212992K, 59% used [0x00000000c1600000,0x00000000c921e680,0x00000000ce600000)
 Metaspace       used 47606K, capacity 50498K, committed 50560K, reserved 1091584K
  class space    used 6740K, capacity 7531K, committed 7552K, reserved 1048576K
}
Event: 52.199 GC heap before
{Heap before GC invocations=58 (full 4):
 PSYoungGen      total 316928K, used 293280K [0x00000000eb200000, 0x0000000100000000, 0x0000000100000000)
  eden space 292864K, 100% used [0x00000000eb200000,0x00000000fd000000,0x00000000fd000000)
  from space 24064K, 1% used [0x00000000fe880000,0x00000000fe8e8000,0x0000000100000000)
  to   space 24576K, 0% used [0x00000000fd000000,0x00000000fd000000,0x00000000fe800000)
 ParOldGen       total 212992K, used 127097K [0x00000000c1600000, 0x00000000ce600000, 0x00000000eb200000)
  object space 212992K, 59% used [0x00000000c1600000,0x00000000c921e680,0x00000000ce600000)
 Metaspace       used 48590K, capacity 51532K, committed 51712K, reserved 1093632K
  class space    used 6887K, capacity 7664K, committed 7680K, reserved 1048576K
Event: 52.219 GC heap after
Heap after GC invocations=58 (full 4):
 PSYoungGen      total 317440K, used 1275K [0x00000000eb200000, 0x0000000100000000, 0x0000000100000000)
  eden space 292864K, 0% used [0x00000000eb200000,0x00000000eb200000,0x00000000fd000000)
  from space 24576K, 5% used [0x00000000fd000000,0x00000000fd13ee90,0x00000000fe800000)
  to   space 24576K, 0% used [0x00000000fe800000,0x00000000fe800000,0x0000000100000000)
 ParOldGen       total 212992K, used 127097K [0x00000000c1600000, 0x00000000ce600000, 0x00000000eb200000)
  object space 212992K, 59% used [0x00000000c1600000,0x00000000c921e680,0x00000000ce600000)
 Metaspace       used 48590K, capacity 51532K, committed 51712K, reserved 1093632K
  class space    used 6887K, capacity 7664K, committed 7680K, reserved 1048576K
}

