# JRE version: Java(TM) SE Runtime Environment (8.0_191-b12) (build 1.8.0_191-b12)
# Java VM: Java HotSpot(TM) 64-Bit Server VM (25.191-b12 mixed mode windows-amd64 compressed oops)
Heap:
 PSYoungGen      total 316416K, used 192672K [0x00000000eb200000, 0x0000000100000000, 0x0000000100000000)
  eden space 292864K, 59% used [0x00000000eb200000,0x00000000f5c600d8,0x00000000fd000000)
  from space 23552K, 77% used [0x00000000fe900000,0x00000000ffac8000,0x0000000100000000)
  to   space 24576K, 0% used [0x00000000fd000000,0x00000000fd000000,0x00000000fe800000)
 ParOldGen       total 271872K, used 205480K [0x00000000c1600000, 0x00000000d1f80000, 0x00000000eb200000)
  object space 271872K, 75% used [0x00000000c1600000,0x00000000cdeaa250,0x00000000d1f80000)
 Metaspace       used 54124K, capacity 57732K, committed 57984K, reserved 1099776K
  class space    used 7389K, capacity 8294K, committed 8320K, reserved 1048576K
GC Heap History (10 events):
Event: 840.240 GC heap before
{Heap before GC invocations=219 (full 5):
 PSYoungGen      total 313856K, used 313638K [0x00000000eb200000, 0x0000000100000000, 0x0000000100000000)
  eden space 297984K, 100% used [0x00000000eb200000,0x00000000fd500000,0x00000000fd500000)
  from space 15872K, 98% used [0x00000000fd500000,0x00000000fe4498a0,0x00000000fe480000)
  to   space 22528K, 0% used [0x00000000fea00000,0x00000000fea00000,0x0000000100000000)
 ParOldGen       total 271872K, used 197667K [0x00000000c1600000, 0x00000000d1f80000, 0x00000000eb200000)
  object space 271872K, 72% used [0x00000000c1600000,0x00000000cd708e48,0x00000000d1f80000)
 Metaspace       used 54083K, capacity 57662K, committed 57728K, reserved 1099776K
  class space    used 7387K, capacity 8293K, committed 8320K, reserved 1048576K
Event: 840.254 GC heap after
Heap after GC invocations=219 (full 5):
 PSYoungGen      total 318464K, used 17061K [0x00000000eb200000, 0x0000000100000000, 0x0000000100000000)
  eden space 295936K, 0% used [0x00000000eb200000,0x00000000eb200000,0x00000000fd300000)
  from space 22528K, 75% used [0x00000000fea00000,0x00000000ffaa9498,0x0000000100000000)
  to   space 23040K, 0% used [0x00000000fd300000,0x00000000fd300000,0x00000000fe980000)
 ParOldGen       total 271872K, used 197811K [0x00000000c1600000, 0x00000000d1f80000, 0x00000000eb200000)
  object space 271872K, 72% used [0x00000000c1600000,0x00000000cd72ce48,0x00000000d1f80000)
 Metaspace       used 54083K, capacity 57662K, committed 57728K, reserved 1099776K
  class space    used 7387K, capacity 8293K, committed 8320K, reserved 1048576K
}
Event: 844.012 GC heap before
{Heap before GC invocations=220 (full 5):
 PSYoungGen      total 318464K, used 312997K [0x00000000eb200000, 0x0000000100000000, 0x0000000100000000)
  eden space 295936K, 100% used [0x00000000eb200000,0x00000000fd300000,0x00000000fd300000)
  from space 22528K, 75% used [0x00000000fea00000,0x00000000ffaa9498,0x0000000100000000)
  to   space 23040K, 0% used [0x00000000fd300000,0x00000000fd300000,0x00000000fe980000)
 ParOldGen       total 271872K, used 197811K [0x00000000c1600000, 0x00000000d1f80000, 0x00000000eb200000)
  object space 271872K, 72% used [0x00000000c1600000,0x00000000cd72ce48,0x00000000d1f80000)
 Metaspace       used 54087K, capacity 57668K, committed 57728K, reserved 1099776K
  class space    used 7388K, capacity 8294K, committed 8320K, reserved 1048576K
Event: 844.031 GC heap after
Heap after GC invocations=220 (full 5):
 PSYoungGen      total 312320K, used 16293K [0x00000000eb200000, 0x0000000100000000, 0x0000000100000000)
  eden space 295936K, 0% used [0x00000000eb200000,0x00000000eb200000,0x00000000fd300000)
  from space 16384K, 99% used [0x00000000fd300000,0x00000000fe2e9490,0x00000000fe300000)
  to   space 23552K, 0% used [0x00000000fe900000,0x00000000fe900000,0x0000000100000000)
 ParOldGen       total 271872K, used 197851K [0x00000000c1600000, 0x00000000d1f80000, 0x00000000eb200000)
  object space 271872K, 72% used [0x00000000c1600000,0x00000000cd736e48,0x00000000d1f80000)
 Metaspace       used 54087K, capacity 57668K, committed 57728K, reserved 1099776K
  class space    used 7388K, capacity 8294K, committed 8320K, reserved 1048576K
}
Event: 847.871 GC heap before
{Heap before GC invocations=221 (full 5):
 PSYoungGen      total 312320K, used 312229K [0x00000000eb200000, 0x0000000100000000, 0x0000000100000000)
  eden space 295936K, 100% used [0x00000000eb200000,0x00000000fd300000,0x00000000fd300000)
  from space 16384K, 99% used [0x00000000fd300000,0x00000000fe2e9490,0x00000000fe300000)
  to   space 23552K, 0% used [0x00000000fe900000,0x00000000fe900000,0x0000000100000000)
 ParOldGen       total 271872K, used 197851K [0x00000000c1600000, 0x00000000d1f80000, 0x00000000eb200000)
  object space 271872K, 72% used [0x00000000c1600000,0x00000000cd736e48,0x00000000d1f80000)
 Metaspace       used 54093K, capacity 57668K, committed 57728K, reserved 1099776K
  class space    used 7388K, capacity 8294K, committed 8320K, reserved 1048576K
Event: 847.888 GC heap after
Heap after GC invocations=221 (full 5):
 PSYoungGen      total 318464K, used 16095K [0x00000000eb200000, 0x0000000100000000, 0x0000000100000000)
  eden space 294912K, 0% used [0x00000000eb200000,0x00000000eb200000,0x00000000fd200000)
  from space 23552K, 68% used [0x00000000fe900000,0x00000000ff8b7c80,0x0000000100000000)
  to   space 23552K, 0% used [0x00000000fd200000,0x00000000fd200000,0x00000000fe900000)
 ParOldGen       total 271872K, used 199147K [0x00000000c1600000, 0x00000000d1f80000, 0x00000000eb200000)
  object space 271872K, 73% used [0x00000000c1600000,0x00000000cd87ae48,0x00000000d1f80000)
 Metaspace       used 54093K, capacity 57668K, committed 57728K, reserved 1099776K
  class space    used 7388K, capacity 8294K, committed 8320K, reserved 1048576K
}
Event: 851.912 GC heap before
{Heap before GC invocations=222 (full 5):
 PSYoungGen      total 318464K, used 311007K [0x00000000eb200000, 0x0000000100000000, 0x0000000100000000)
  eden space 294912K, 100% used [0x00000000eb200000,0x00000000fd200000,0x00000000fd200000)
  from space 23552K, 68% used [0x00000000fe900000,0x00000000ff8b7c80,0x0000000100000000)
  to   space 23552K, 0% used [0x00000000fd200000,0x00000000fd200000,0x00000000fe900000)
 ParOldGen       total 271872K, used 199147K [0x00000000c1600000, 0x00000000d1f80000, 0x00000000eb200000)
  object space 271872K, 73% used [0x00000000c1600000,0x00000000cd87ae48,0x00000000d1f80000)
 Metaspace       used 54102K, capacity 57732K, committed 57984K, reserved 1099776K
  class space    used 7388K, capacity 8294K, committed 8320K, reserved 1048576K
Event: 851.926 GC heap after
Heap after GC invocations=222 (full 5):
 PSYoungGen      total 318464K, used 15877K [0x00000000eb200000, 0x0000000100000000, 0x0000000100000000)
  eden space 294912K, 0% used [0x00000000eb200000,0x00000000eb200000,0x00000000fd200000)
  from space 23552K, 67% used [0x00000000fd200000,0x00000000fe181698,0x00000000fe900000)
  to   space 23552K, 0% used [0x00000000fe900000,0x00000000fe900000,0x0000000100000000)
 ParOldGen       total 271872K, used 200251K [0x00000000c1600000, 0x00000000d1f80000, 0x00000000eb200000)
  object space 271872K, 73% used [0x00000000c1600000,0x00000000cd98ee78,0x00000000d1f80000)
 Metaspace       used 54102K, capacity 57732K, committed 57984K, reserved 1099776K
  class space    used 7388K, capacity 8294K, committed 8320K, reserved 1048576K
}
Event: 855.012 GC heap before
{Heap before GC invocations=223 (full 5):
 PSYoungGen      total 318464K, used 310789K [0x00000000eb200000, 0x0000000100000000, 0x0000000100000000)
  eden space 294912K, 100% used [0x00000000eb200000,0x00000000fd200000,0x00000000fd200000)
  from space 23552K, 67% used [0x00000000fd200000,0x00000000fe181698,0x00000000fe900000)
  to   space 23552K, 0% used [0x00000000fe900000,0x00000000fe900000,0x0000000100000000)
 ParOldGen       total 271872K, used 200251K [0x00000000c1600000, 0x00000000d1f80000, 0x00000000eb200000)
  object space 271872K, 73% used [0x00000000c1600000,0x00000000cd98ee78,0x00000000d1f80000)
 Metaspace       used 54123K, capacity 57732K, committed 57984K, reserved 1099776K
  class space    used 7389K, capacity 8294K, committed 8320K, reserved 1048576K
Event: 855.035 GC heap after
Heap after GC invocations=223 (full 5):
 PSYoungGen      total 316416K, used 18208K [0x00000000eb200000, 0x0000000100000000, 0x0000000100000000)
  eden space 292864K, 0% used [0x00000000eb200000,0x00000000eb200000,0x00000000fd000000)
  from space 23552K, 77% used [0x00000000fe900000,0x00000000ffac8000,0x0000000100000000)
  to   space 24576K, 0% used [0x00000000fd000000,0x00000000fd000000,0x00000000fe800000)
 ParOldGen       total 271872K, used 205480K [0x00000000c1600000, 0x00000000d1f80000, 0x00000000eb200000)
  object space 271872K, 75% used [0x00000000c1600000,0x00000000cdeaa250,0x00000000d1f80000)
 Metaspace       used 54123K, capacity 57732K, committed 57984K, reserved 1099776K
  class space    used 7389K, capacity 8294K, committed 8320K, reserved 1048576K
}

