# JRE version: Java(TM) SE Runtime Environment (8.0_191-b12) (build 1.8.0_191-b12)
# Java VM: Java HotSpot(TM) 64-Bit Server VM (25.191-b12 mixed mode windows-amd64 compressed oops)
Heap:
 PSYoungGen      total 293376K, used 191068K [0x00000000eb200000, 0x00000000ffe00000, 0x0000000100000000)
  eden space 246784K, 63% used [0x00000000eb200000,0x00000000f49e6030,0x00000000fa300000)
  from space 46592K, 76% used [0x00000000fd000000,0x00000000ff2b13b8,0x00000000ffd80000)
  to   space 46080K, 0% used [0x00000000fa300000,0x00000000fa300000,0x00000000fd000000)
 ParOldGen       total 684032K, used 464539K [0x00000000c1600000, 0x00000000eb200000, 0x00000000eb200000)
  object space 684032K, 67% used [0x00000000c1600000,0x00000000ddba6d10,0x00000000eb200000)
 Metaspace       used 55697K, capacity 59706K, committed 59904K, reserved 1101824K
  class space    used 7484K, capacity 8411K, committed 8448K, reserved 1048576K
GC Heap History (10 events):
Event: 2373.554 GC heap before
{Heap before GC invocations=887 (full 11):
 PSYoungGen      total 288256K, used 272093K [0x00000000eb200000, 0x00000000ffe00000, 0x0000000100000000)
  eden space 239104K, 100% used [0x00000000eb200000,0x00000000f9b80000,0x00000000f9b80000)
  from space 49152K, 67% used [0x00000000f9b80000,0x00000000fbbb7790,0x00000000fcb80000)
  to   space 48128K, 0% used [0x00000000fcf00000,0x00000000fcf00000,0x00000000ffe00000)
 ParOldGen       total 684032K, used 455808K [0x00000000c1600000, 0x00000000eb200000, 0x00000000eb200000)
  object space 684032K, 66% used [0x00000000c1600000,0x00000000dd320300,0x00000000eb200000)
 Metaspace       used 55692K, capacity 59706K, committed 59904K, reserved 1101824K
  class space    used 7484K, capacity 8411K, committed 8448K, reserved 1048576K
Event: 2373.580 GC heap after
Heap after GC invocations=887 (full 11):
 PSYoungGen      total 292352K, used 33667K [0x00000000eb200000, 0x00000000ffe00000, 0x0000000100000000)
  eden space 244224K, 0% used [0x00000000eb200000,0x00000000eb200000,0x00000000fa080000)
  from space 48128K, 69% used [0x00000000fcf00000,0x00000000fefe0fa0,0x00000000ffe00000)
  to   space 47616K, 0% used [0x00000000fa080000,0x00000000fa080000,0x00000000fcf00000)
 ParOldGen       total 684032K, used 456112K [0x00000000c1600000, 0x00000000eb200000, 0x00000000eb200000)
  object space 684032K, 66% used [0x00000000c1600000,0x00000000dd36c300,0x00000000eb200000)
 Metaspace       used 55692K, capacity 59706K, committed 59904K, reserved 1101824K
  class space    used 7484K, capacity 8411K, committed 8448K, reserved 1048576K
}
Event: 2376.377 GC heap before
{Heap before GC invocations=888 (full 11):
 PSYoungGen      total 292352K, used 277891K [0x00000000eb200000, 0x00000000ffe00000, 0x0000000100000000)
  eden space 244224K, 100% used [0x00000000eb200000,0x00000000fa080000,0x00000000fa080000)
  from space 48128K, 69% used [0x00000000fcf00000,0x00000000fefe0fa0,0x00000000ffe00000)
  to   space 47616K, 0% used [0x00000000fa080000,0x00000000fa080000,0x00000000fcf00000)
 ParOldGen       total 684032K, used 456112K [0x00000000c1600000, 0x00000000eb200000, 0x00000000eb200000)
  object space 684032K, 66% used [0x00000000c1600000,0x00000000dd36c300,0x00000000eb200000)
 Metaspace       used 55693K, capacity 59706K, committed 59904K, reserved 1101824K
  class space    used 7484K, capacity 8411K, committed 8448K, reserved 1048576K
Event: 2376.401 GC heap after
Heap after GC invocations=888 (full 11):
 PSYoungGen      total 291840K, used 35940K [0x00000000eb200000, 0x00000000ffe00000, 0x0000000100000000)
  eden space 244224K, 0% used [0x00000000eb200000,0x00000000eb200000,0x00000000fa080000)
  from space 47616K, 75% used [0x00000000fa080000,0x00000000fc399198,0x00000000fcf00000)
  to   space 48128K, 0% used [0x00000000fcf00000,0x00000000fcf00000,0x00000000ffe00000)
 ParOldGen       total 684032K, used 458040K [0x00000000c1600000, 0x00000000eb200000, 0x00000000eb200000)
  object space 684032K, 66% used [0x00000000c1600000,0x00000000dd54e310,0x00000000eb200000)
 Metaspace       used 55693K, capacity 59706K, committed 59904K, reserved 1101824K
  class space    used 7484K, capacity 8411K, committed 8448K, reserved 1048576K
}
Event: 2379.070 GC heap before
{Heap before GC invocations=889 (full 11):
 PSYoungGen      total 291840K, used 280164K [0x00000000eb200000, 0x00000000ffe00000, 0x0000000100000000)
  eden space 244224K, 100% used [0x00000000eb200000,0x00000000fa080000,0x00000000fa080000)
  from space 47616K, 75% used [0x00000000fa080000,0x00000000fc399198,0x00000000fcf00000)
  to   space 48128K, 0% used [0x00000000fcf00000,0x00000000fcf00000,0x00000000ffe00000)
 ParOldGen       total 684032K, used 458040K [0x00000000c1600000, 0x00000000eb200000, 0x00000000eb200000)
  object space 684032K, 66% used [0x00000000c1600000,0x00000000dd54e310,0x00000000eb200000)
 Metaspace       used 55694K, capacity 59706K, committed 59904K, reserved 1101824K
  class space    used 7484K, capacity 8411K, committed 8448K, reserved 1048576K
Event: 2379.097 GC heap after
Heap after GC invocations=889 (full 11):
 PSYoungGen      total 292352K, used 36356K [0x00000000eb200000, 0x00000000ffe00000, 0x0000000100000000)
  eden space 244224K, 0% used [0x00000000eb200000,0x00000000eb200000,0x00000000fa080000)
  from space 48128K, 75% used [0x00000000fcf00000,0x00000000ff2811a0,0x00000000ffe00000)
  to   space 47616K, 0% used [0x00000000fa080000,0x00000000fa080000,0x00000000fcf00000)
 ParOldGen       total 684032K, used 459576K [0x00000000c1600000, 0x00000000eb200000, 0x00000000eb200000)
  object space 684032K, 67% used [0x00000000c1600000,0x00000000dd6ce310,0x00000000eb200000)
 Metaspace       used 55694K, capacity 59706K, committed 59904K, reserved 1101824K
  class space    used 7484K, capacity 8411K, committed 8448K, reserved 1048576K
}
Event: 2381.492 GC heap before
{Heap before GC invocations=890 (full 11):
 PSYoungGen      total 292352K, used 280580K [0x00000000eb200000, 0x00000000ffe00000, 0x0000000100000000)
  eden space 244224K, 100% used [0x00000000eb200000,0x00000000fa080000,0x00000000fa080000)
  from space 48128K, 75% used [0x00000000fcf00000,0x00000000ff2811a0,0x00000000ffe00000)
  to   space 47616K, 0% used [0x00000000fa080000,0x00000000fa080000,0x00000000fcf00000)
 ParOldGen       total 684032K, used 459576K [0x00000000c1600000, 0x00000000eb200000, 0x00000000eb200000)
  object space 684032K, 67% used [0x00000000c1600000,0x00000000dd6ce310,0x00000000eb200000)
 Metaspace       used 55694K, capacity 59706K, committed 59904K, reserved 1101824K
  class space    used 7484K, capacity 8411K, committed 8448K, reserved 1048576K
Event: 2381.517 GC heap after
Heap after GC invocations=890 (full 11):
 PSYoungGen      total 291840K, used 32644K [0x00000000eb200000, 0x00000000ffd80000, 0x0000000100000000)
  eden space 244224K, 0% used [0x00000000eb200000,0x00000000eb200000,0x00000000fa080000)
  from space 47616K, 68% used [0x00000000fa080000,0x00000000fc061188,0x00000000fcf00000)
  to   space 46592K, 0% used [0x00000000fd000000,0x00000000fd000000,0x00000000ffd80000)
 ParOldGen       total 684032K, used 463755K [0x00000000c1600000, 0x00000000eb200000, 0x00000000eb200000)
  object space 684032K, 67% used [0x00000000c1600000,0x00000000ddae2d00,0x00000000eb200000)
 Metaspace       used 55694K, capacity 59706K, committed 59904K, reserved 1101824K
  class space    used 7484K, capacity 8411K, committed 8448K, reserved 1048576K
}
Event: 2384.501 GC heap before
{Heap before GC invocations=891 (full 11):
 PSYoungGen      total 291840K, used 276868K [0x00000000eb200000, 0x00000000ffd80000, 0x0000000100000000)
  eden space 244224K, 100% used [0x00000000eb200000,0x00000000fa080000,0x00000000fa080000)
  from space 47616K, 68% used [0x00000000fa080000,0x00000000fc061188,0x00000000fcf00000)
  to   space 46592K, 0% used [0x00000000fd000000,0x00000000fd000000,0x00000000ffd80000)
 ParOldGen       total 684032K, used 463755K [0x00000000c1600000, 0x00000000eb200000, 0x00000000eb200000)
  object space 684032K, 67% used [0x00000000c1600000,0x00000000ddae2d00,0x00000000eb200000)
 Metaspace       used 55697K, capacity 59706K, committed 59904K, reserved 1101824K
  class space    used 7484K, capacity 8411K, committed 8448K, reserved 1048576K
Event: 2384.531 GC heap after
Heap after GC invocations=891 (full 11):
 PSYoungGen      total 293376K, used 35524K [0x00000000eb200000, 0x00000000ffe00000, 0x0000000100000000)
  eden space 246784K, 0% used [0x00000000eb200000,0x00000000eb200000,0x00000000fa300000)
  from space 46592K, 76% used [0x00000000fd000000,0x00000000ff2b13b8,0x00000000ffd80000)
  to   space 46080K, 0% used [0x00000000fa300000,0x00000000fa300000,0x00000000fd000000)
 ParOldGen       total 684032K, used 464539K [0x00000000c1600000, 0x00000000eb200000, 0x00000000eb200000)
  object space 684032K, 67% used [0x00000000c1600000,0x00000000ddba6d10,0x00000000eb200000)
 Metaspace       used 55697K, capacity 59706K, committed 59904K, reserved 1101824K
  class space    used 7484K, capacity 8411K, committed 8448K, reserved 1048576K
}

