# JRE version: Java(TM) SE Runtime Environment (8.0_191-b12) (build 1.8.0_191-b12)
# Java VM: Java HotSpot(TM) 64-Bit Server VM (25.191-b12 mixed mode windows-amd64 compressed oops)
Heap:
 PSYoungGen      total 279552K, used 123312K [0x00000000eb200000, 0x0000000100000000, 0x0000000100000000)
  eden space 218112K, 54% used [0x00000000eb200000,0x00000000f25b2cd0,0x00000000f8700000)
  from space 61440K, 7% used [0x00000000fc400000,0x00000000fc8b96a0,0x0000000100000000)
  to   space 61952K, 0% used [0x00000000f8700000,0x00000000f8700000,0x00000000fc380000)
 ParOldGen       total 358400K, used 199940K [0x00000000c1600000, 0x00000000d7400000, 0x00000000eb200000)
  object space 358400K, 55% used [0x00000000c1600000,0x00000000cd9412e8,0x00000000d7400000)
 Metaspace       used 54496K, capacity 58046K, committed 58240K, reserved 1099776K
  class space    used 7383K, capacity 8245K, committed 8320K, reserved 1048576K
GC Heap History (10 events):
Event: 960.776 GC heap before
{Heap before GC invocations=324 (full 5):
 PSYoungGen      total 282112K, used 256644K [0x00000000eb200000, 0x00000000ffc00000, 0x0000000100000000)
  eden space 225792K, 100% used [0x00000000eb200000,0x00000000f8e80000,0x00000000f8e80000)
  from space 56320K, 54% used [0x00000000fc500000,0x00000000fe321308,0x00000000ffc00000)
  to   space 55808K, 0% used [0x00000000f8e80000,0x00000000f8e80000,0x00000000fc500000)
 ParOldGen       total 260608K, used 249895K [0x00000000c1600000, 0x00000000d1480000, 0x00000000eb200000)
  object space 260608K, 95% used [0x00000000c1600000,0x00000000d0a09db0,0x00000000d1480000)
 Metaspace       used 54521K, capacity 58116K, committed 58240K, reserved 1099776K
  class space    used 7393K, capacity 8264K, committed 8320K, reserved 1048576K
Event: 960.802 GC heap after
Heap after GC invocations=324 (full 5):
 PSYoungGen      total 281600K, used 19050K [0x00000000eb200000, 0x0000000100000000, 0x0000000100000000)
  eden space 225792K, 0% used [0x00000000eb200000,0x00000000eb200000,0x00000000f8e80000)
  from space 55808K, 34% used [0x00000000f8e80000,0x00000000fa11ab28,0x00000000fc500000)
  to   space 56832K, 0% used [0x00000000fc880000,0x00000000fc880000,0x0000000100000000)
 ParOldGen       total 264192K, used 263960K [0x00000000c1600000, 0x00000000d1800000, 0x00000000eb200000)
  object space 264192K, 99% used [0x00000000c1600000,0x00000000d17c60b0,0x00000000d1800000)
 Metaspace       used 54521K, capacity 58116K, committed 58240K, reserved 1099776K
  class space    used 7393K, capacity 8264K, committed 8320K, reserved 1048576K
}
Event: 960.802 GC heap before
{Heap before GC invocations=325 (full 6):
 PSYoungGen      total 281600K, used 19050K [0x00000000eb200000, 0x0000000100000000, 0x0000000100000000)
  eden space 225792K, 0% used [0x00000000eb200000,0x00000000eb200000,0x00000000f8e80000)
  from space 55808K, 34% used [0x00000000f8e80000,0x00000000fa11ab28,0x00000000fc500000)
  to   space 56832K, 0% used [0x00000000fc880000,0x00000000fc880000,0x0000000100000000)
 ParOldGen       total 264192K, used 263960K [0x00000000c1600000, 0x00000000d1800000, 0x00000000eb200000)
  object space 264192K, 99% used [0x00000000c1600000,0x00000000d17c60b0,0x00000000d1800000)
 Metaspace       used 54521K, capacity 58116K, committed 58240K, reserved 1099776K
  class space    used 7393K, capacity 8264K, committed 8320K, reserved 1048576K
Event: 961.363 GC heap after
Heap after GC invocations=325 (full 6):
 PSYoungGen      total 281600K, used 0K [0x00000000eb200000, 0x0000000100000000, 0x0000000100000000)
  eden space 225792K, 0% used [0x00000000eb200000,0x00000000eb200000,0x00000000f8e80000)
  from space 55808K, 0% used [0x00000000f8e80000,0x00000000f8e80000,0x00000000fc500000)
  to   space 56832K, 0% used [0x00000000fc880000,0x00000000fc880000,0x0000000100000000)
 ParOldGen       total 358400K, used 199940K [0x00000000c1600000, 0x00000000d7400000, 0x00000000eb200000)
  object space 358400K, 55% used [0x00000000c1600000,0x00000000cd9412e8,0x00000000d7400000)
 Metaspace       used 54474K, capacity 58038K, committed 58240K, reserved 1099776K
  class space    used 7383K, capacity 8245K, committed 8320K, reserved 1048576K
}
Event: 963.713 GC heap before
{Heap before GC invocations=326 (full 6):
 PSYoungGen      total 281600K, used 225792K [0x00000000eb200000, 0x0000000100000000, 0x0000000100000000)
  eden space 225792K, 100% used [0x00000000eb200000,0x00000000f8e80000,0x00000000f8e80000)
  from space 55808K, 0% used [0x00000000f8e80000,0x00000000f8e80000,0x00000000fc500000)
  to   space 56832K, 0% used [0x00000000fc880000,0x00000000fc880000,0x0000000100000000)
 ParOldGen       total 358400K, used 199940K [0x00000000c1600000, 0x00000000d7400000, 0x00000000eb200000)
  object space 358400K, 55% used [0x00000000c1600000,0x00000000cd9412e8,0x00000000d7400000)
 Metaspace       used 54479K, capacity 58038K, committed 58240K, reserved 1099776K
  class space    used 7383K, capacity 8245K, committed 8320K, reserved 1048576K
Event: 963.725 GC heap after
Heap after GC invocations=326 (full 6):
 PSYoungGen      total 279040K, used 2559K [0x00000000eb200000, 0x0000000100000000, 0x0000000100000000)
  eden space 222208K, 0% used [0x00000000eb200000,0x00000000eb200000,0x00000000f8b00000)
  from space 56832K, 4% used [0x00000000fc880000,0x00000000fcaffc88,0x0000000100000000)
  to   space 59904K, 0% used [0x00000000f8b00000,0x00000000f8b00000,0x00000000fc580000)
 ParOldGen       total 358400K, used 199940K [0x00000000c1600000, 0x00000000d7400000, 0x00000000eb200000)
  object space 358400K, 55% used [0x00000000c1600000,0x00000000cd9412e8,0x00000000d7400000)
 Metaspace       used 54479K, capacity 58038K, committed 58240K, reserved 1099776K
  class space    used 7383K, capacity 8245K, committed 8320K, reserved 1048576K
}
Event: 965.803 GC heap before
{Heap before GC invocations=327 (full 6):
 PSYoungGen      total 279040K, used 224767K [0x00000000eb200000, 0x0000000100000000, 0x0000000100000000)
  eden space 222208K, 100% used [0x00000000eb200000,0x00000000f8b00000,0x00000000f8b00000)
  from space 56832K, 4% used [0x00000000fc880000,0x00000000fcaffc88,0x0000000100000000)
  to   space 59904K, 0% used [0x00000000f8b00000,0x00000000f8b00000,0x00000000fc580000)
 ParOldGen       total 358400K, used 199940K [0x00000000c1600000, 0x00000000d7400000, 0x00000000eb200000)
  object space 358400K, 55% used [0x00000000c1600000,0x00000000cd9412e8,0x00000000d7400000)
 Metaspace       used 54482K, capacity 58046K, committed 58240K, reserved 1099776K
  class space    used 7383K, capacity 8245K, committed 8320K, reserved 1048576K
Event: 965.808 GC heap after
Heap after GC invocations=327 (full 6):
 PSYoungGen      total 226304K, used 4069K [0x00000000eb200000, 0x0000000100000000, 0x0000000100000000)
  eden space 222208K, 0% used [0x00000000eb200000,0x00000000eb200000,0x00000000f8b00000)
  from space 4096K, 99% used [0x00000000f8b00000,0x00000000f8ef96a0,0x00000000f8f00000)
  to   space 61440K, 0% used [0x00000000fc400000,0x00000000fc400000,0x0000000100000000)
 ParOldGen       total 358400K, used 199940K [0x00000000c1600000, 0x00000000d7400000, 0x00000000eb200000)
  object space 358400K, 55% used [0x00000000c1600000,0x00000000cd9412e8,0x00000000d7400000)
 Metaspace       used 54482K, capacity 58046K, committed 58240K, reserved 1099776K
  class space    used 7383K, capacity 8245K, committed 8320K, reserved 1048576K
}
Event: 967.697 GC heap before
{Heap before GC invocations=328 (full 6):
 PSYoungGen      total 226304K, used 226277K [0x00000000eb200000, 0x0000000100000000, 0x0000000100000000)
  eden space 222208K, 100% used [0x00000000eb200000,0x00000000f8b00000,0x00000000f8b00000)
  from space 4096K, 99% used [0x00000000f8b00000,0x00000000f8ef96a0,0x00000000f8f00000)
  to   space 61440K, 0% used [0x00000000fc400000,0x00000000fc400000,0x0000000100000000)
 ParOldGen       total 358400K, used 199940K [0x00000000c1600000, 0x00000000d7400000, 0x00000000eb200000)
  object space 358400K, 55% used [0x00000000c1600000,0x00000000cd9412e8,0x00000000d7400000)
 Metaspace       used 54488K, capacity 58046K, committed 58240K, reserved 1099776K
  class space    used 7383K, capacity 8245K, committed 8320K, reserved 1048576K
Event: 967.709 GC heap after
Heap after GC invocations=328 (full 6):
 PSYoungGen      total 279552K, used 4837K [0x00000000eb200000, 0x0000000100000000, 0x0000000100000000)
  eden space 218112K, 0% used [0x00000000eb200000,0x00000000eb200000,0x00000000f8700000)
  from space 61440K, 7% used [0x00000000fc400000,0x00000000fc8b96a0,0x0000000100000000)
  to   space 61952K, 0% used [0x00000000f8700000,0x00000000f8700000,0x00000000fc380000)
 ParOldGen       total 358400K, used 199940K [0x00000000c1600000, 0x00000000d7400000, 0x00000000eb200000)
  object space 358400K, 55% used [0x00000000c1600000,0x00000000cd9412e8,0x00000000d7400000)
 Metaspace       used 54488K, capacity 58046K, committed 58240K, reserved 1099776K
  class space    used 7383K, capacity 8245K, committed 8320K, reserved 1048576K
}

